Arguments: 
  /Users/vkongv/.nvm/versions/node/v6.8.1/bin/node /Users/vkongv/.nvm/versions/node/v6.8.1/bin/yarn

PATH: 
  /Users/vkongv/.nvm/versions/node/v6.8.1/bin:/usr/local/bin:/usr/bin:/bin:/usr/sbin:/sbin

Yarn version: 
  0.20.3

Node version: 
  6.8.1

Platform: 
  darwin x64

npm manifest: 
  {
    "name": "egghead-nuxt-tut",
    "version": "1.0.0",
    "description": "Nuxt.js project",
    "author": "Kong Ka Weng <mgongzai@gmail.com>",
    "private": true,
    "dependencies": {
      "nuxt": "latest"
    },
    "scripts": {
      "dev": "nuxt",
      "build": "nuxt build",
      "start": "nuxt start",
      "generate": "nuxt generate",
      "lint": "eslint --ext .js,.vue --ignore-path .gitignore .",
      "precommit": "npm run lint"
    },
    "devDependencies": {
      "babel-eslint": "^7.1.1",
      "eslint": "^3.15.0",
      "eslint-config-standard": "^6.2.1",
      "eslint-loader": "^1.6.1",
      "eslint-plugin-html": "^2.0.0",
      "eslint-plugin-promise": "^3.4.1",
      "eslint-plugin-standard": "^2.0.1"
    }
  }

yarn manifest: 
  No manifest

Lockfile: 
  No lockfile

Trace: 
  Error: read ETIMEDOUT
      at exports._errnoException (util.js:1026:11)
      at TLSWrap.onread (net.js:569:26)
